{"message":"Web Scraping Success","level":"info"}
{"message":"Web Scraping Success","level":"info"}
{"message":[],"level":"info"}
{"message":"Web Scraping Success","level":"info"}
{"message":["{}"],"level":"info"}
{"message":"Web Scraping Success","level":"info"}
{"message":["{}"],"level":"info"}
{"message":"Web Scraping Success","level":"info"}
{"message":["{}"],"level":"info"}
{"message":"Web Scraping Success","level":"info"}
{"message":[{}],"level":"info"}
{"message":"Web Scraping Success","level":"info"}
{"message":[{},{},{},{},{},{},{},{},{}],"level":"info"}
{"message":"Web Scraping Success","level":"info"}
{"message":[{},{},{},{},{},{},{},{},{}],"level":"info"}
{"message":"Web Scraping Success","level":"info"}
{"message":[{},{},{},{},{},{},{},{},{}],"level":"info"}
{"message":"Web Scraping Success","level":"info"}
{"message":["{}"],"level":"info"}
{"message":"Web Scraping Success","level":"info"}
{"message":["{}"],"level":"info"}
{"message":"Web Scraping Success","level":"info"}
{"message":[{}],"level":"info"}
{"message":"Web Scraping Success","level":"info"}
{"message":[],"level":"info"}
{"message":"Web Scraping Success","level":"info"}
{"message":[],"level":"info"}
{"message":"Web Scraping Success","level":"info"}
{"message":[],"level":"info"}
{"message":"Web Scraping Success","level":"info"}
{"message":[],"level":"info"}
{"message":"Web Scraping Success","level":"info"}
{"message":{"commands":[{"goTo":"Navigate to https://www.google.com.br/"},{"type":"Insert "},{"click":"Insert "},{"click":"Insert "}]},"level":"info"}
{"message":"Web Scraping Success","level":"info"}
{"message":{"commands":[{"goTo":"Navigate to https://www.google.com.br/"},{"type":"Insert "},{"click":"Insert "},{"click":"Insert "}]},"level":"info"}
{"message":"Web Scraping Success","level":"info"}
{"message":{"commands":[{"goTo":"Navigate to https://www.google.com.br/"},{"type":"Insert "},{"click":"Insert "},{"click":"Insert "}]},"level":"info"}
{"message":"Web Scraping Success","level":"info"}
{"message":{"commands":[{"goTo":"Navigate to https://www.google.com.br/"},{"type":"Insert "},{"click":"Insert "},{"click":"Insert "}]},"level":"info"}
{"message":"Web Scraping Success","level":"info"}
{"message":{"commands":[{"goTo":"Navigate to https://www.google.com.br/"},{"type":"Insert "},{"click":"Insert "},{"click":"Insert "}]},"level":"info"}
{"message":"Web Scraping Success","level":"info"}
{"message":{"commands":[{"goTo":"Navigate to https://www.google.com.br/"},{"type":"Itau value inserted in the field"},{"click":"Clicked on the button"},{"click":"Clicked on the button"},{"close":"Browser closed"}]},"level":"info"}
{"message":"Web Scraping Success","level":"info"}
{"message":{"date":"2020-02-09T17:47:40.417Z","commands":[{"goTo":"Navigate to https://www.google.com.br/"},{"type":"Itau value inserted in the field"},{"click":"Clicked on the button"},{"click":"Clicked on the button"},{"close":"Browser closed"}]},"level":"info"}
{"message":"Web Scraping Success","level":"info"}
{"message":{"date":"2020-02-09T17:52:47.411Z","commands":[{"goTo":"Navigate to https://www.google.com.br/"},{"type":"Itau value inserted in the field"},{"click":"Clicked on the #tsf > div:nth-child(2) > div.A8SBwf > div.FPdoLc.tfB0Bf > center > input.gNO89b button"},{"click":"Clicked on the #rso > div:nth-child(1) > div > div > div > div > div.r > a button"},{"close":"Browser closed"}]},"level":"info"}
{"message":"Web Scraping Success","level":"info"}
{"message":{"date":"2020-02-09T17:53:53.969Z","commands":[{"goTo":"Navigate to https://www.google.com.br/"},{"type":"Itau value inserted in the field"},{"click":"Clicked on the #tsf > div:nth-child(2) > div.A8SBwf > div.FPdoLc.tfB0Bf > center > input.gNO89b button"},{"click":"Clicked on the #rso > div:nth-child(1) > div > div > div > div > div.r > a button"},{"close":"Browser closed"}]},"level":"info"}
{"message":"Failed to open the page, the error: TypeError: Cannot read property '$$' of undefined","level":"error"}
{"message":"Failed to open the page, the error: TypeError: page.$$(...).innerText is not a function","level":"error"}
{"message":"Failed to open the page, the error: TypeError: page.$$(...).innerText is not a function","level":"error"}
{"message":"Failed to open the page, the error: ReferenceError: document is not defined","level":"error"}
{"message":"Failed to open the page, the error: Error: Error: failed to find element matching selector \"#tsf > div:nth-child(2) > div.A8SBwf > div.FPdoLc.tfB0Bf > center > input.gNO89b\"","level":"error"}
{"message":"Failed to open the page, the error: Error: Error: failed to find element matching selector \"input.gNO89b\"","level":"error"}
{"message":"Web Scraping Success","level":"info"}
{"message":{"date":"2020-02-09T18:10:56.052Z","commands":[{"goTo":"Navigate to https://www.google.com.br/"},{"type":"Itau value inserted in the field"},{"click":"Clicked on the  button"},{"click":"Clicked on the  button"},{"close":"Browser closed"}]},"level":"info"}
{"message":"Failed to open the page, the error: Error: Evaluation failed: DOMException: Failed to execute 'querySelector' on 'Document': '//*[@id=\"tsf\"]/div[2]/div[1]/div[3]/center/input[1]' is not a valid selector.\n    at __puppeteer_evaluation_script__:1:33","level":"error"}
{"message":"Failed to open the page, the error: Error: Evaluation failed: DOMException: Failed to execute 'querySelector' on 'Document': '[@id=\"tsf\"]/div[2]/div[1]/div[3]/center/input[1]' is not a valid selector.\n    at __puppeteer_evaluation_script__:1:33","level":"error"}
{"message":"Failed to open the page, the error: ReferenceError: title is not defined","level":"error"}
{"message":"Failed to open the page, the error: TypeError: Cannot read property 'getProperty' of undefined","level":"error"}
{"message":"Failed to open the page, the error: Error: Evaluation failed: DOMException: Failed to execute 'evaluate' on 'Document': The string '[@id='tsf']/div[2]/div[1]/div[3]/center/input[1]' is not a valid XPath expression.\n    at __puppeteer_evaluation_script__:3:37","level":"error"}
{"message":"Web Scraping Success","level":"info"}
{"message":{"date":"2020-02-09T18:22:41.251Z","commands":[{"goTo":"Navigate to https://www.google.com.br/"},{"type":"Itau value inserted in the field"},{"click":"Clicked on the  button"},{"click":"Clicked on the  button"},{"close":"Browser closed"}]},"level":"info"}
{"message":"Failed to open the page, the error: Error: JSHandles can be evaluated only in the context they were created!","level":"error"}
{"message":"Failed to open the page, the error: Error: Evaluation failed: TypeError: Cannot read property 'textContent' of null\n    at __puppeteer_evaluation_script__:1:21","level":"error"}
{"message":"Failed to open the page, the error: Error: Evaluation failed: TypeError: Cannot read property 'value' of null\n    at __puppeteer_evaluation_script__:1:21","level":"error"}
{"message":"Web Scraping Success","level":"info"}
{"message":{"date":"2020-02-09T18:35:00.697Z","commands":[{"goTo":"Navigate to https://www.google.com.br/"},{"type":"Itau value inserted in the field"},{"click":"Clicked on the #tsf > div:nth-child(2) > div.A8SBwf > div.FPdoLc.tfB0Bf > center > input.gNO89b selector"},{"click":"Clicked on the #rso > div:nth-child(1) > div > div > div > div > div.r > a selector"},{"close":"Browser closed"}]},"level":"info"}
{"message":"Web Scraping Success","level":"info"}
{"message":{"date":"2020-02-09T18:36:33.750Z","commands":[{"goTo":"Navigate to https://www.google.com.br/"},{"type":"Itau value inserted in the field"},{"click":"Clicked on the selector: #tsf > div:nth-child(2) > div.A8SBwf > div.FPdoLc.tfB0Bf > center > input.gNO89b"},{"click":"Clicked on the selector: #rso > div:nth-child(1) > div > div > div > div > div.r > a"},{"close":"Browser closed"}]},"level":"info"}
{"message":"Web Scraping Success","level":"info"}
{"message":{"date":"2020-02-09T18:56:34.477Z","commands":[{"goTo":"Navigate to https://www.google.com.br/"},{"type":"Itau value inserted in the field"},{"click":"Clicked on the selector: #tsf > div:nth-child(2) > div.A8SBwf > div.FPdoLc.tfB0Bf > center > input.gNO89b"},{"click":"Clicked on the selector: #rso > div:nth-child(1) > div > div > div > div > div.r > a"},{"close":"Browser closed"}]},"level":"info"}
{"message":{"date":"2020-02-09T18:56:34.477Z","commands":[{"goTo":"Navigate to https://www.google.com.br/"},{"type":"Itau value inserted in the field"},{"click":"Clicked on the selector: #tsf > div:nth-child(2) > div.A8SBwf > div.FPdoLc.tfB0Bf > center > input.gNO89b"},{"click":"Clicked on the selector: #rso > div:nth-child(1) > div > div > div > div > div.r > a"},{"close":"Browser closed"}]},"level":"info"}
{"message":"Web Scraping Success","level":"info"}
{"message":{"date":"2020-02-09T18:57:58.721Z","commands":[{"goTo":"Navigate to https://www.google.com.br/"},{"type":"Itau value inserted in the field"},{"click":"Clicked on the selector: #tsf > div:nth-child(2) > div.A8SBwf > div.FPdoLc.tfB0Bf > center > input.gNO89b"},{"click":"Clicked on the selector: #rso > div:nth-child(1) > div > div > div > div > div.r > a"},{"close":"Browser closed"}]},"level":"info"}
{"message":{"date":"2020-02-09T18:57:58.721Z","commands":[{"goTo":"Navigate to https://www.google.com.br/"},{"type":"Itau value inserted in the field"},{"click":"Clicked on the selector: #tsf > div:nth-child(2) > div.A8SBwf > div.FPdoLc.tfB0Bf > center > input.gNO89b"},{"click":"Clicked on the selector: #rso > div:nth-child(1) > div > div > div > div > div.r > a"},{"close":"Browser closed"}]},"level":"info"}
{"message":"Web Scraping Success","level":"info"}
{"message":{"date":"2020-02-09T18:59:27.192Z","commands":[{"goTo":"Navigate to https://www.google.com.br/"},{"type":"Itau value inserted in the field"},{"click":"Clicked on the selector: #tsf > div:nth-child(2) > div.A8SBwf > div.FPdoLc.tfB0Bf > center > input.gNO89b"},{"click":"Clicked on the selector: #rso > div:nth-child(1) > div > div > div > div > div.r > a"},{"close":"Browser closed"}]},"level":"info"}
{"message":"Web Scraping Success","level":"info"}
{"message":{"date":"2020-02-09T19:02:22.253Z","commands":[{"goTo":"Navigate to https://www.google.com.br/"},{"type":"Itau value inserted in the field"},{"click":"Clicked on the selector: #tsf > div:nth-child(2) > div.A8SBwf > div.FPdoLc.tfB0Bf > center > input.gNO89b"},{"click":"Clicked on the selector: #rso > div:nth-child(1) > div > div > div > div > div.r > a"},{"close":"Browser closed"}]},"level":"info"}
{"message":"Web Scraping Success","level":"info"}
{"message":{"date":"2020-02-09T19:04:17.283Z","commands":[{"goTo":"Navigate to https://www.google.com.br/"},{"type":"Itau value inserted in the field"},{"click":"Clicked on the selector: "},{"click":"Clicked on the selector: #rso > div:nth-child(1) > div > div > div > div > div.r > a"},{"close":"Browser closed"}]},"level":"info"}
{"message":"Web Scraping Success","level":"info"}
{"message":{"date":"2020-02-09T19:06:07.245Z","commands":[{"goTo":"Navigate to https://www.google.com.br/"},{"type":"Itau value inserted in the field"},{"press":"Clicked on the keyboard: Enter"},{"click":"Clicked on the selector: #rso > div:nth-child(1) > div > div > div > div > div.r > a"},{"close":"Browser closed"}]},"level":"info"}
{"message":"Failed to open the page, the error: Error: No node found for selector: #rso > div:nth-child(1) > div > div > div > div > div.r > a","level":"error"}
{"message":"Failed to open the page, the error: ReferenceError: options is not defined","level":"error"}
{"message":"Failed to open the page, the error: ReferenceError: options is not defined","level":"error"}
{"message":"Web Scraping Success","level":"info"}
{"message":{"date":"2020-02-09T19:09:40.727Z","commands":[{"goTo":"Navigate to https://www.google.com.br/"},{"type":"Itau value inserted in the field"},{"press":"Clicked on the keyboard: Enter"},{"click":"Clicked on the selector: #rso > div:nth-child(1) > div > div > div > div > div.r > a"},{"close":"Browser closed"}]},"level":"info"}
{"message":"Web Scraping Success","level":"info"}
{"message":{"date":"2020-02-09T19:11:13.255Z","commands":[{"goTo":"Navigate to https://www.google.com.br/"},{"type":"Itau value inserted in the field"},{"press":"Clicked on the keyboard: Enter"},{"click":"Clicked on the selector: #rso > div:nth-child(1) > div > div > div > div > div.r > a"},{"close":"Browser closed"}]},"level":"info"}
{"message":"Web Scraping Success","level":"info"}
{"message":{"date":"2020-02-09T19:11:47.921Z","commands":[{"goTo":"Navigate to https://www.google.com.br/"},{"type":"Itau value inserted in the field"},{"press":"Clicked on the keyboard: Enter"},{"click":"Clicked on the selector: #rso > div:nth-child(1) > div > div > div > div > div.r > a"},{"close":"Browser closed"}]},"level":"info"}
{"message":"Failed to open the page, the error: ReferenceError: page is not defined","level":"error"}
{"message":"Web Scraping Success","level":"info"}
{"message":{"date":"2020-02-09T19:14:41.822Z","commands":[{"goTo":"Navigate to https://www.google.com.br/"},{"type":"Itau value inserted in the field"},{"press":"Clicked on the keyboard: Enter"},{"click":"Clicked on the selector: #rso > div:nth-child(1) > div > div > div > div > div.r > a"},{"close":"Browser closed"}]},"level":"info"}
{"message":"Web Scraping Success","level":"info"}
{"message":{"date":"2020-02-09T19:15:35.740Z","commands":[{"goTo":"Navigate to https://www.google.com.br/"},{"type":"Itau value inserted in the field"},{"press":"Clicked on the keyboard: Enter"},{"click":"Clicked on the selector: #rso > div:nth-child(1) > div > div > div > div > div.r > a"},{"close":"Browser closed"}]},"level":"info"}
{"message":"Web Scraping Success","level":"info"}
{"message":{"date":"2020-02-09T19:16:22.104Z","commands":[{"goTo":"Navigate to https://www.google.com.br/"},{"type":"Itau value inserted in the field"},{"press":"Clicked on the keyboard: Enter"},{"click":"Clicked on the selector: #rso > div:nth-child(1) > div > div > div > div > div.r > a"},{"close":"Browser closed"}]},"level":"info"}
{"message":{"date":"2020-02-09T19:16:22.104Z","commands":[{"goTo":"Navigate to https://www.google.com.br/"},{"type":"Itau value inserted in the field"},{"press":"Clicked on the keyboard: Enter"},{"click":"Clicked on the selector: #rso > div:nth-child(1) > div > div > div > div > div.r > a"},{"close":"Browser closed"}]},"level":"info"}
{"message":"Web Scraping Success","level":"info"}
{"message":{"date":"2020-02-09T19:16:54.864Z","commands":[{"goTo":"Navigate to https://www.google.com.br/"},{"type":"Itau value inserted in the field"},{"press":"Clicked on the keyboard: Enter"},{"click":"Clicked on the selector: #rso > div:nth-child(1) > div > div > div > div > div.r > a"},{"close":"Browser closed"}]},"level":"info"}
{"message":{"date":"2020-02-09T19:16:54.864Z","commands":[{"goTo":"Navigate to https://www.google.com.br/"},{"type":"Itau value inserted in the field"},{"press":"Clicked on the keyboard: Enter"},{"click":"Clicked on the selector: #rso > div:nth-child(1) > div > div > div > div > div.r > a"},{"close":"Browser closed"}]},"level":"info"}
{"message":{"date":"2020-02-09T19:16:54.864Z","commands":[{"goTo":"Navigate to https://www.google.com.br/"},{"type":"Itau value inserted in the field"},{"press":"Clicked on the keyboard: Enter"},{"click":"Clicked on the selector: #rso > div:nth-child(1) > div > div > div > div > div.r > a"},{"close":"Browser closed"}]},"level":"info"}
{"message":"Web Scraping Success","level":"info"}
{"message":{"date":"2020-02-09T21:22:43.861Z","commands":[{"goTo":"Navigate to https://www.google.com.br/"},{"type":"Itau value inserted in the field"},{"press":"Clicked on the keyboard: Enter"},{"click":"Clicked on the selector: #rso > div:nth-child(1) > div > div > div > div > div.r > a"},{"close":"Browser closed"}]},"level":"info"}
{"message":{"date":"2020-02-09T21:22:43.861Z","commands":[{"goTo":"Navigate to https://www.google.com.br/"},{"type":"Itau value inserted in the field"},{"press":"Clicked on the keyboard: Enter"},{"click":"Clicked on the selector: #rso > div:nth-child(1) > div > div > div > div > div.r > a"},{"close":"Browser closed"}]},"level":"info"}
{"message":{"date":"2020-02-09T21:22:43.861Z","commands":[{"goTo":"Navigate to https://www.google.com.br/"},{"type":"Itau value inserted in the field"},{"press":"Clicked on the keyboard: Enter"},{"click":"Clicked on the selector: #rso > div:nth-child(1) > div > div > div > div > div.r > a"},{"close":"Browser closed"}]},"level":"info"}
{"message":"Web Scraping Success","level":"info"}
{"message":{"date":"2020-02-09T21:38:18.265Z","commands":[{"goTo":"Navigate to https://www.google.com.br/"},{"type":"Itau value inserted in the field"},{"press":"Clicked on the keyboard: Enter"},{"click":"Clicked on the selector: #rso > div:nth-child(1) > div > div > div > div > div.r > a"},{"close":"Browser closed"}]},"level":"info"}
{"message":{"date":"2020-02-09T21:38:18.265Z","commands":[{"goTo":"Navigate to https://www.google.com.br/"},{"type":"Itau value inserted in the field"},{"press":"Clicked on the keyboard: Enter"},{"click":"Clicked on the selector: #rso > div:nth-child(1) > div > div > div > div > div.r > a"},{"close":"Browser closed"}]},"level":"info"}
{"message":"Web Scraping Success","level":"info"}
{"message":{"date":"2020-02-09T21:39:36.742Z","commands":[{"goTo":"Navigate to https://www.google.com.br/"},{"type":"Itau value inserted in the field"},{"press":"Clicked on the keyboard: Enter"},{"click":"Clicked on the selector: #rso > div:nth-child(1) > div > div > div > div > div.r > a"},{"close":"Browser closed"}]},"level":"info"}
{"message":{"date":"2020-02-09T21:39:36.742Z","commands":[{"goTo":"Navigate to https://www.google.com.br/"},{"type":"Itau value inserted in the field"},{"press":"Clicked on the keyboard: Enter"},{"click":"Clicked on the selector: #rso > div:nth-child(1) > div > div > div > div > div.r > a"},{"close":"Browser closed"}]},"level":"info"}
{"message":"Web Scraping Success","level":"info"}
{"message":{"date":"2020-02-09T21:40:12.338Z","commands":[{"goTo":"Navigate to https://www.google.com.br/"},{"type":"Itau value inserted in the field"},{"press":"Clicked on the keyboard: Enter"},{"click":"Clicked on the selector: #rso > div:nth-child(1) > div > div > div > div > div.r > a"},{"close":"Browser closed"}]},"level":"info"}
{"message":{"date":"2020-02-09T21:40:12.338Z","commands":[{"goTo":"Navigate to https://www.google.com.br/"},{"type":"Itau value inserted in the field"},{"press":"Clicked on the keyboard: Enter"},{"click":"Clicked on the selector: #rso > div:nth-child(1) > div > div > div > div > div.r > a"},{"close":"Browser closed"}]},"level":"info"}
{"message":"Web Scraping Success","level":"info"}
{"message":{"date":"2020-02-09T21:41:00.899Z","commands":[{"goTo":"Navigate to https://www.google.com.br/"},{"type":"Itau value inserted in the field"},{"press":"Clicked on the keyboard: Enter"},{"click":"Clicked on the selector: #rso > div:nth-child(1) > div > div > div > div > div.r > a"},{"close":"Browser closed"}]},"level":"info"}
{"message":{"date":"2020-02-09T21:41:00.899Z","commands":[{"goTo":"Navigate to https://www.google.com.br/"},{"type":"Itau value inserted in the field"},{"press":"Clicked on the keyboard: Enter"},{"click":"Clicked on the selector: #rso > div:nth-child(1) > div > div > div > div > div.r > a"},{"close":"Browser closed"}]},"level":"info"}
{"message":{"date":"2020-02-09T21:41:00.899Z","commands":[{"goTo":"Navigate to https://www.google.com.br/"},{"type":"Itau value inserted in the field"},{"press":"Clicked on the keyboard: Enter"},{"click":"Clicked on the selector: #rso > div:nth-child(1) > div > div > div > div > div.r > a"},{"close":"Browser closed"}]},"level":"info"}
{"message":{"date":"2020-02-09T21:41:00.899Z","commands":[{"goTo":"Navigate to https://www.google.com.br/"},{"type":"Itau value inserted in the field"},{"press":"Clicked on the keyboard: Enter"},{"click":"Clicked on the selector: #rso > div:nth-child(1) > div > div > div > div > div.r > a"},{"close":"Browser closed"}]},"level":"info"}
{"message":{"date":"2020-02-09T21:41:00.899Z","commands":[{"goTo":"Navigate to https://www.google.com.br/"},{"type":"Itau value inserted in the field"},{"press":"Clicked on the keyboard: Enter"},{"click":"Clicked on the selector: #rso > div:nth-child(1) > div > div > div > div > div.r > a"},{"close":"Browser closed"}]},"level":"info"}
{"message":{"date":"2020-02-09T21:41:00.899Z","commands":[{"goTo":"Navigate to https://www.google.com.br/"},{"type":"Itau value inserted in the field"},{"press":"Clicked on the keyboard: Enter"},{"click":"Clicked on the selector: #rso > div:nth-child(1) > div > div > div > div > div.r > a"},{"close":"Browser closed"}]},"level":"info"}
{"message":"Web Scraping Success","level":"info"}
{"message":{"date":"2020-02-09T21:46:18.980Z","commands":[{"goTo":"Navigate to https://www.google.com.br/"},{"type":"Itau value inserted in the field"},{"press":"Clicked on the keyboard: Enter"},{"click":"Clicked on the selector: #rso > div:nth-child(1) > div > div > div > div > div.r > a"},{"close":"Browser closed"}]},"level":"info"}
{"message":{"date":"2020-02-09T21:46:18.980Z","commands":[{"goTo":"Navigate to https://www.google.com.br/"},{"type":"Itau value inserted in the field"},{"press":"Clicked on the keyboard: Enter"},{"click":"Clicked on the selector: #rso > div:nth-child(1) > div > div > div > div > div.r > a"},{"close":"Browser closed"}]},"level":"info"}
{"message":{"date":"2020-02-09T21:46:18.980Z","commands":[{"goTo":"Navigate to https://www.google.com.br/"},{"type":"Itau value inserted in the field"},{"press":"Clicked on the keyboard: Enter"},{"click":"Clicked on the selector: #rso > div:nth-child(1) > div > div > div > div > div.r > a"},{"close":"Browser closed"}]},"level":"info"}
{"message":{"date":"2020-02-09T21:46:18.980Z","commands":[{"goTo":"Navigate to https://www.google.com.br/"},{"type":"Itau value inserted in the field"},{"press":"Clicked on the keyboard: Enter"},{"click":"Clicked on the selector: #rso > div:nth-child(1) > div > div > div > div > div.r > a"},{"close":"Browser closed"}]},"level":"info"}
{"message":{"date":"2020-02-09T21:46:18.980Z","commands":[{"goTo":"Navigate to https://www.google.com.br/"},{"type":"Itau value inserted in the field"},{"press":"Clicked on the keyboard: Enter"},{"click":"Clicked on the selector: #rso > div:nth-child(1) > div > div > div > div > div.r > a"},{"close":"Browser closed"}]},"level":"info"}
{"message":{"date":"2020-02-09T21:46:18.980Z","commands":[{"goTo":"Navigate to https://www.google.com.br/"},{"type":"Itau value inserted in the field"},{"press":"Clicked on the keyboard: Enter"},{"click":"Clicked on the selector: #rso > div:nth-child(1) > div > div > div > div > div.r > a"},{"close":"Browser closed"}]},"level":"info"}
{"message":{"date":"2020-02-09T21:46:18.980Z","commands":[{"goTo":"Navigate to https://www.google.com.br/"},{"type":"Itau value inserted in the field"},{"press":"Clicked on the keyboard: Enter"},{"click":"Clicked on the selector: #rso > div:nth-child(1) > div > div > div > div > div.r > a"},{"close":"Browser closed"}]},"level":"info"}
{"message":{"date":"2020-02-09T21:46:18.980Z","commands":[{"goTo":"Navigate to https://www.google.com.br/"},{"type":"Itau value inserted in the field"},{"press":"Clicked on the keyboard: Enter"},{"click":"Clicked on the selector: #rso > div:nth-child(1) > div > div > div > div > div.r > a"},{"close":"Browser closed"}]},"level":"info"}
{"message":{"date":"2020-02-09T21:46:18.980Z","commands":[{"goTo":"Navigate to https://www.google.com.br/"},{"type":"Itau value inserted in the field"},{"press":"Clicked on the keyboard: Enter"},{"click":"Clicked on the selector: #rso > div:nth-child(1) > div > div > div > div > div.r > a"},{"close":"Browser closed"}]},"level":"info"}
{"message":{"date":"2020-02-09T21:46:18.980Z","commands":[{"goTo":"Navigate to https://www.google.com.br/"},{"type":"Itau value inserted in the field"},{"press":"Clicked on the keyboard: Enter"},{"click":"Clicked on the selector: #rso > div:nth-child(1) > div > div > div > div > div.r > a"},{"close":"Browser closed"}]},"level":"info"}
{"message":{"date":"2020-02-09T21:46:18.980Z","commands":[{"goTo":"Navigate to https://www.google.com.br/"},{"type":"Itau value inserted in the field"},{"press":"Clicked on the keyboard: Enter"},{"click":"Clicked on the selector: #rso > div:nth-child(1) > div > div > div > div > div.r > a"},{"close":"Browser closed"}]},"level":"info"}
{"message":{"date":"2020-02-09T21:46:18.980Z","commands":[{"goTo":"Navigate to https://www.google.com.br/"},{"type":"Itau value inserted in the field"},{"press":"Clicked on the keyboard: Enter"},{"click":"Clicked on the selector: #rso > div:nth-child(1) > div > div > div > div > div.r > a"},{"close":"Browser closed"}]},"level":"info"}
{"message":{"date":"2020-02-09T21:46:18.980Z","commands":[{"goTo":"Navigate to https://www.google.com.br/"},{"type":"Itau value inserted in the field"},{"press":"Clicked on the keyboard: Enter"},{"click":"Clicked on the selector: #rso > div:nth-child(1) > div > div > div > div > div.r > a"},{"close":"Browser closed"}]},"level":"info"}
{"message":{"date":"2020-02-09T21:46:18.980Z","commands":[{"goTo":"Navigate to https://www.google.com.br/"},{"type":"Itau value inserted in the field"},{"press":"Clicked on the keyboard: Enter"},{"click":"Clicked on the selector: #rso > div:nth-child(1) > div > div > div > div > div.r > a"},{"close":"Browser closed"}]},"level":"info"}
{"message":{"date":"2020-02-09T21:46:18.980Z","commands":[{"goTo":"Navigate to https://www.google.com.br/"},{"type":"Itau value inserted in the field"},{"press":"Clicked on the keyboard: Enter"},{"click":"Clicked on the selector: #rso > div:nth-child(1) > div > div > div > div > div.r > a"},{"close":"Browser closed"}]},"level":"info"}
{"message":{"date":"2020-02-09T21:46:18.980Z","commands":[{"goTo":"Navigate to https://www.google.com.br/"},{"type":"Itau value inserted in the field"},{"press":"Clicked on the keyboard: Enter"},{"click":"Clicked on the selector: #rso > div:nth-child(1) > div > div > div > div > div.r > a"},{"close":"Browser closed"}]},"level":"info"}
{"message":{"date":"2020-02-09T21:46:18.980Z","commands":[{"goTo":"Navigate to https://www.google.com.br/"},{"type":"Itau value inserted in the field"},{"press":"Clicked on the keyboard: Enter"},{"click":"Clicked on the selector: #rso > div:nth-child(1) > div > div > div > div > div.r > a"},{"close":"Browser closed"}]},"level":"info"}
{"message":{"date":"2020-02-09T21:46:18.980Z","commands":[{"goTo":"Navigate to https://www.google.com.br/"},{"type":"Itau value inserted in the field"},{"press":"Clicked on the keyboard: Enter"},{"click":"Clicked on the selector: #rso > div:nth-child(1) > div > div > div > div > div.r > a"},{"close":"Browser closed"}]},"level":"info"}
{"message":{"date":"2020-02-09T21:46:18.980Z","commands":[{"goTo":"Navigate to https://www.google.com.br/"},{"type":"Itau value inserted in the field"},{"press":"Clicked on the keyboard: Enter"},{"click":"Clicked on the selector: #rso > div:nth-child(1) > div > div > div > div > div.r > a"},{"close":"Browser closed"}]},"level":"info"}
{"message":{"date":"2020-02-09T21:46:18.980Z","commands":[{"goTo":"Navigate to https://www.google.com.br/"},{"type":"Itau value inserted in the field"},{"press":"Clicked on the keyboard: Enter"},{"click":"Clicked on the selector: #rso > div:nth-child(1) > div > div > div > div > div.r > a"},{"close":"Browser closed"}]},"level":"info"}
{"message":{"date":"2020-02-09T21:46:18.980Z","commands":[{"goTo":"Navigate to https://www.google.com.br/"},{"type":"Itau value inserted in the field"},{"press":"Clicked on the keyboard: Enter"},{"click":"Clicked on the selector: #rso > div:nth-child(1) > div > div > div > div > div.r > a"},{"close":"Browser closed"}]},"level":"info"}
{"message":"Web Scraping Success","level":"info"}
{"message":{"date":"2020-02-09T22:00:43.851Z","commands":[{"goTo":"Navigate to https://www.google.com.br/"},{"type":"Itau value inserted in the field"},{"press":"Clicked on the keyboard: Enter"},{"click":"Clicked on the selector: #rso > div:nth-child(1) > div > div > div > div > div.r > a"},{"close":"Browser closed"}]},"level":"info"}
{"message":{"date":"2020-02-09T22:00:43.851Z","commands":[{"goTo":"Navigate to https://www.google.com.br/"},{"type":"Itau value inserted in the field"},{"press":"Clicked on the keyboard: Enter"},{"click":"Clicked on the selector: #rso > div:nth-child(1) > div > div > div > div > div.r > a"},{"close":"Browser closed"}]},"level":"info"}
{"message":{"date":"2020-02-09T22:00:43.851Z","commands":[{"goTo":"Navigate to https://www.google.com.br/"},{"type":"Itau value inserted in the field"},{"press":"Clicked on the keyboard: Enter"},{"click":"Clicked on the selector: #rso > div:nth-child(1) > div > div > div > div > div.r > a"},{"close":"Browser closed"}]},"level":"info"}
{"message":"Web Scraping Success","level":"info"}
{"message":{"date":"2020-02-09T22:02:23.859Z","commands":[{"goTo":"Navigate to https://www.google.com.br/"},{"type":"Itau value inserted in the field"},{"press":"Clicked on the keyboard: Enter"},{"click":"Clicked on the selector: #rso > div:nth-child(1) > div > div > div > div > div.r > a"},{"close":"Browser closed"}]},"level":"info"}
{"message":{"date":"2020-02-09T22:02:23.859Z","commands":[{"goTo":"Navigate to https://www.google.com.br/"},{"type":"Itau value inserted in the field"},{"press":"Clicked on the keyboard: Enter"},{"click":"Clicked on the selector: #rso > div:nth-child(1) > div > div > div > div > div.r > a"},{"close":"Browser closed"}]},"level":"info"}
{"message":{"date":"2020-02-09T22:02:23.859Z","commands":[{"goTo":"Navigate to https://www.google.com.br/"},{"type":"Itau value inserted in the field"},{"press":"Clicked on the keyboard: Enter"},{"click":"Clicked on the selector: #rso > div:nth-child(1) > div > div > div > div > div.r > a"},{"close":"Browser closed"}]},"level":"info"}
{"message":{"date":"2020-02-09T22:02:23.859Z","commands":[{"goTo":"Navigate to https://www.google.com.br/"},{"type":"Itau value inserted in the field"},{"press":"Clicked on the keyboard: Enter"},{"click":"Clicked on the selector: #rso > div:nth-child(1) > div > div > div > div > div.r > a"},{"close":"Browser closed"}]},"level":"info"}
{"message":"Web Scraping Success","level":"info"}
{"message":{"date":"2020-02-09T22:07:13.633Z","commands":[{"goTo":"Navigate to https://www.google.com.br/"},{"type":"Itau value inserted in the field"},{"press":"Clicked on the keyboard: Enter"},{"click":"Clicked on the selector: #rso > div:nth-child(1) > div > div > div > div > div.r > a"},{"close":"Browser closed"}]},"level":"info"}
{"message":{"date":"2020-02-09T22:07:13.633Z","commands":[{"goTo":"Navigate to https://www.google.com.br/"},{"type":"Itau value inserted in the field"},{"press":"Clicked on the keyboard: Enter"},{"click":"Clicked on the selector: #rso > div:nth-child(1) > div > div > div > div > div.r > a"},{"close":"Browser closed"}]},"level":"info"}
{"message":{"date":"2020-02-09T22:07:13.633Z","commands":[{"goTo":"Navigate to https://www.google.com.br/"},{"type":"Itau value inserted in the field"},{"press":"Clicked on the keyboard: Enter"},{"click":"Clicked on the selector: #rso > div:nth-child(1) > div > div > div > div > div.r > a"},{"close":"Browser closed"}]},"level":"info"}
{"message":"Web Scraping Success","level":"info"}
{"message":{"date":"2020-02-10T00:29:46.132Z","commands":[{"goTo":"Navigate to https://www.google.com.br/"},{"type":"Itau value inserted in the field"},{"press":"Clicked on the keyboard: Enter"},{"click":"Clicked on the selector: #rso > div:nth-child(1) > div > div > div > div > div.r > a"},{"close":"Browser closed"}]},"level":"info"}
{"message":{"date":"2020-02-10T00:29:46.132Z","commands":[{"goTo":"Navigate to https://www.google.com.br/"},{"type":"Itau value inserted in the field"},{"press":"Clicked on the keyboard: Enter"},{"click":"Clicked on the selector: #rso > div:nth-child(1) > div > div > div > div > div.r > a"},{"close":"Browser closed"}]},"level":"info"}
{"message":{"date":"2020-02-10T00:29:46.132Z","commands":[{"goTo":"Navigate to https://www.google.com.br/"},{"type":"Itau value inserted in the field"},{"press":"Clicked on the keyboard: Enter"},{"click":"Clicked on the selector: #rso > div:nth-child(1) > div > div > div > div > div.r > a"},{"close":"Browser closed"}]},"level":"info"}
{"message":{"date":"2020-02-10T00:29:46.132Z","commands":[{"goTo":"Navigate to https://www.google.com.br/"},{"type":"Itau value inserted in the field"},{"press":"Clicked on the keyboard: Enter"},{"click":"Clicked on the selector: #rso > div:nth-child(1) > div > div > div > div > div.r > a"},{"close":"Browser closed"}]},"level":"info"}
{"message":{"date":"2020-02-10T00:29:46.132Z","commands":[{"goTo":"Navigate to https://www.google.com.br/"},{"type":"Itau value inserted in the field"},{"press":"Clicked on the keyboard: Enter"},{"click":"Clicked on the selector: #rso > div:nth-child(1) > div > div > div > div > div.r > a"},{"close":"Browser closed"}]},"level":"info"}
{"message":{"date":"2020-02-10T00:29:46.132Z","commands":[{"goTo":"Navigate to https://www.google.com.br/"},{"type":"Itau value inserted in the field"},{"press":"Clicked on the keyboard: Enter"},{"click":"Clicked on the selector: #rso > div:nth-child(1) > div > div > div > div > div.r > a"},{"close":"Browser closed"}]},"level":"info"}
{"message":{"date":"2020-02-10T00:29:46.132Z","commands":[{"goTo":"Navigate to https://www.google.com.br/"},{"type":"Itau value inserted in the field"},{"press":"Clicked on the keyboard: Enter"},{"click":"Clicked on the selector: #rso > div:nth-child(1) > div > div > div > div > div.r > a"},{"close":"Browser closed"}]},"level":"info"}
{"message":{"date":"2020-02-10T00:29:46.132Z","commands":[{"goTo":"Navigate to https://www.google.com.br/"},{"type":"Itau value inserted in the field"},{"press":"Clicked on the keyboard: Enter"},{"click":"Clicked on the selector: #rso > div:nth-child(1) > div > div > div > div > div.r > a"},{"close":"Browser closed"}]},"level":"info"}
{"message":{"date":"2020-02-10T00:29:46.132Z","commands":[{"goTo":"Navigate to https://www.google.com.br/"},{"type":"Itau value inserted in the field"},{"press":"Clicked on the keyboard: Enter"},{"click":"Clicked on the selector: #rso > div:nth-child(1) > div > div > div > div > div.r > a"},{"close":"Browser closed"}]},"level":"info"}
{"message":{"date":"2020-02-10T00:29:46.132Z","commands":[{"goTo":"Navigate to https://www.google.com.br/"},{"type":"Itau value inserted in the field"},{"press":"Clicked on the keyboard: Enter"},{"click":"Clicked on the selector: #rso > div:nth-child(1) > div > div > div > div > div.r > a"},{"close":"Browser closed"}]},"level":"info"}
{"message":"Web Scraping Success","level":"info"}
{"message":{"date":"2020-02-10T00:46:11.087Z","commands":[{"goTo":"Navigate to https://www.google.com.br/"},{"type":"Itau value inserted in the field"},{"press":"Clicked on the keyboard: Enter"},{"click":"Clicked on the selector: #rso > div:nth-child(1) > div > div > div > div > div.r > a"},{"close":"Browser closed"}]},"level":"info"}
{"message":{"date":"2020-02-10T00:46:11.087Z","commands":[{"goTo":"Navigate to https://www.google.com.br/"},{"type":"Itau value inserted in the field"},{"press":"Clicked on the keyboard: Enter"},{"click":"Clicked on the selector: #rso > div:nth-child(1) > div > div > div > div > div.r > a"},{"close":"Browser closed"}]},"level":"info"}
{"message":{"date":"2020-02-10T00:46:11.087Z","commands":[{"goTo":"Navigate to https://www.google.com.br/"},{"type":"Itau value inserted in the field"},{"press":"Clicked on the keyboard: Enter"},{"click":"Clicked on the selector: #rso > div:nth-child(1) > div > div > div > div > div.r > a"},{"close":"Browser closed"}]},"level":"info"}
{"message":"Web Scraping Success","level":"info"}
{"message":{"date":"2020-02-10T00:47:00.577Z","commands":[{"goTo":"Navigate to https://www.google.com.br/"},{"type":"Itau value inserted in the field"},{"press":"Clicked on the keyboard: Enter"},{"click":"Clicked on the selector: #rso > div:nth-child(1) > div > div > div > div > div.r > a"},{"close":"Browser closed"}]},"level":"info"}
{"message":{"date":"2020-02-10T00:46:11.087Z","commands":[{"goTo":"Navigate to https://www.google.com.br/"},{"type":"Itau value inserted in the field"},{"press":"Clicked on the keyboard: Enter"},{"click":"Clicked on the selector: #rso > div:nth-child(1) > div > div > div > div > div.r > a"},{"close":"Browser closed"}]},"level":"info"}
{"message":{"date":"2020-02-10T00:46:11.087Z","commands":[{"goTo":"Navigate to https://www.google.com.br/"},{"type":"Itau value inserted in the field"},{"press":"Clicked on the keyboard: Enter"},{"click":"Clicked on the selector: #rso > div:nth-child(1) > div > div > div > div > div.r > a"},{"close":"Browser closed"}]},"level":"info"}
{"message":{"date":"2020-02-10T00:46:11.087Z","commands":[{"goTo":"Navigate to https://www.google.com.br/"},{"type":"Itau value inserted in the field"},{"press":"Clicked on the keyboard: Enter"},{"click":"Clicked on the selector: #rso > div:nth-child(1) > div > div > div > div > div.r > a"},{"close":"Browser closed"}]},"level":"info"}
{"message":{"date":"2020-02-10T00:46:11.087Z","commands":[{"goTo":"Navigate to https://www.google.com.br/"},{"type":"Itau value inserted in the field"},{"press":"Clicked on the keyboard: Enter"},{"click":"Clicked on the selector: #rso > div:nth-child(1) > div > div > div > div > div.r > a"},{"close":"Browser closed"}]},"level":"info"}
{"message":{"date":"2020-02-10T00:46:11.087Z","commands":[{"goTo":"Navigate to https://www.google.com.br/"},{"type":"Itau value inserted in the field"},{"press":"Clicked on the keyboard: Enter"},{"click":"Clicked on the selector: #rso > div:nth-child(1) > div > div > div > div > div.r > a"},{"close":"Browser closed"}]},"level":"info"}
{"message":{"date":"2020-02-10T00:46:11.087Z","commands":[{"goTo":"Navigate to https://www.google.com.br/"},{"type":"Itau value inserted in the field"},{"press":"Clicked on the keyboard: Enter"},{"click":"Clicked on the selector: #rso > div:nth-child(1) > div > div > div > div > div.r > a"},{"close":"Browser closed"}]},"level":"info"}
{"message":{"date":"2020-02-10T00:46:11.087Z","commands":[{"goTo":"Navigate to https://www.google.com.br/"},{"type":"Itau value inserted in the field"},{"press":"Clicked on the keyboard: Enter"},{"click":"Clicked on the selector: #rso > div:nth-child(1) > div > div > div > div > div.r > a"},{"close":"Browser closed"}]},"level":"info"}
{"message":{"date":"2020-02-10T00:46:11.087Z","commands":[{"goTo":"Navigate to https://www.google.com.br/"},{"type":"Itau value inserted in the field"},{"press":"Clicked on the keyboard: Enter"},{"click":"Clicked on the selector: #rso > div:nth-child(1) > div > div > div > div > div.r > a"},{"close":"Browser closed"}]},"level":"info"}
{"message":"Web Scraping Success","level":"info"}
{"message":{"date":"2020-02-10T00:47:32.468Z","commands":[{"goTo":"Navigate to https://www.google.com.br/"},{"type":"Itau value inserted in the field"},{"press":"Clicked on the keyboard: Enter"},{"click":"Clicked on the selector: #rso > div:nth-child(1) > div > div > div > div > div.r > a"},{"close":"Browser closed"}]},"level":"info"}
{"message":{"date":"2020-02-10T00:46:11.087Z","commands":[{"goTo":"Navigate to https://www.google.com.br/"},{"type":"Itau value inserted in the field"},{"press":"Clicked on the keyboard: Enter"},{"click":"Clicked on the selector: #rso > div:nth-child(1) > div > div > div > div > div.r > a"},{"close":"Browser closed"}]},"level":"info"}
{"message":{"date":"2020-02-10T00:46:11.087Z","commands":[{"goTo":"Navigate to https://www.google.com.br/"},{"type":"Itau value inserted in the field"},{"press":"Clicked on the keyboard: Enter"},{"click":"Clicked on the selector: #rso > div:nth-child(1) > div > div > div > div > div.r > a"},{"close":"Browser closed"}]},"level":"info"}
{"message":{"date":"2020-02-10T00:46:11.087Z","commands":[{"goTo":"Navigate to https://www.google.com.br/"},{"type":"Itau value inserted in the field"},{"press":"Clicked on the keyboard: Enter"},{"click":"Clicked on the selector: #rso > div:nth-child(1) > div > div > div > div > div.r > a"},{"close":"Browser closed"}]},"level":"info"}
{"message":{"date":"2020-02-10T00:46:11.087Z","commands":[{"goTo":"Navigate to https://www.google.com.br/"},{"type":"Itau value inserted in the field"},{"press":"Clicked on the keyboard: Enter"},{"click":"Clicked on the selector: #rso > div:nth-child(1) > div > div > div > div > div.r > a"},{"close":"Browser closed"}]},"level":"info"}
{"message":{"date":"2020-02-10T00:46:11.087Z","commands":[{"goTo":"Navigate to https://www.google.com.br/"},{"type":"Itau value inserted in the field"},{"press":"Clicked on the keyboard: Enter"},{"click":"Clicked on the selector: #rso > div:nth-child(1) > div > div > div > div > div.r > a"},{"close":"Browser closed"}]},"level":"info"}
{"message":{"date":"2020-02-10T00:46:11.087Z","commands":[{"goTo":"Navigate to https://www.google.com.br/"},{"type":"Itau value inserted in the field"},{"press":"Clicked on the keyboard: Enter"},{"click":"Clicked on the selector: #rso > div:nth-child(1) > div > div > div > div > div.r > a"},{"close":"Browser closed"}]},"level":"info"}
{"message":{"date":"2020-02-10T00:46:11.087Z","commands":[{"goTo":"Navigate to https://www.google.com.br/"},{"type":"Itau value inserted in the field"},{"press":"Clicked on the keyboard: Enter"},{"click":"Clicked on the selector: #rso > div:nth-child(1) > div > div > div > div > div.r > a"},{"close":"Browser closed"}]},"level":"info"}
{"message":"Web Scraping Success","level":"info"}
{"message":{"date":"2020-02-10T00:48:33.645Z","commands":[{"goTo":"Navigate to https://www.google.com.br/"},{"type":"Itau value inserted in the field"},{"press":"Clicked on the keyboard: Enter"},{"click":"Clicked on the selector: #rso > div:nth-child(1) > div > div > div > div > div.r > a"},{"close":"Browser closed"}]},"level":"info"}
{"message":{"date":"2020-02-10T00:46:11.087Z","commands":[{"goTo":"Navigate to https://www.google.com.br/"},{"type":"Itau value inserted in the field"},{"press":"Clicked on the keyboard: Enter"},{"click":"Clicked on the selector: #rso > div:nth-child(1) > div > div > div > div > div.r > a"},{"close":"Browser closed"}]},"level":"info"}
{"message":{"date":"2020-02-10T00:46:11.087Z","commands":[{"goTo":"Navigate to https://www.google.com.br/"},{"type":"Itau value inserted in the field"},{"press":"Clicked on the keyboard: Enter"},{"click":"Clicked on the selector: #rso > div:nth-child(1) > div > div > div > div > div.r > a"},{"close":"Browser closed"}]},"level":"info"}
{"message":{"date":"2020-02-10T00:46:11.087Z","commands":[{"goTo":"Navigate to https://www.google.com.br/"},{"type":"Itau value inserted in the field"},{"press":"Clicked on the keyboard: Enter"},{"click":"Clicked on the selector: #rso > div:nth-child(1) > div > div > div > div > div.r > a"},{"close":"Browser closed"}]},"level":"info"}
{"message":{"date":"2020-02-10T00:46:11.087Z","commands":[{"goTo":"Navigate to https://www.google.com.br/"},{"type":"Itau value inserted in the field"},{"press":"Clicked on the keyboard: Enter"},{"click":"Clicked on the selector: #rso > div:nth-child(1) > div > div > div > div > div.r > a"},{"close":"Browser closed"}]},"level":"info"}
{"message":{"date":"2020-02-10T00:46:11.087Z","commands":[{"goTo":"Navigate to https://www.google.com.br/"},{"type":"Itau value inserted in the field"},{"press":"Clicked on the keyboard: Enter"},{"click":"Clicked on the selector: #rso > div:nth-child(1) > div > div > div > div > div.r > a"},{"close":"Browser closed"}]},"level":"info"}
{"message":{"date":"2020-02-10T00:46:11.087Z","commands":[{"goTo":"Navigate to https://www.google.com.br/"},{"type":"Itau value inserted in the field"},{"press":"Clicked on the keyboard: Enter"},{"click":"Clicked on the selector: #rso > div:nth-child(1) > div > div > div > div > div.r > a"},{"close":"Browser closed"}]},"level":"info"}
{"message":{"date":"2020-02-10T00:46:11.087Z","commands":[{"goTo":"Navigate to https://www.google.com.br/"},{"type":"Itau value inserted in the field"},{"press":"Clicked on the keyboard: Enter"},{"click":"Clicked on the selector: #rso > div:nth-child(1) > div > div > div > div > div.r > a"},{"close":"Browser closed"}]},"level":"info"}
{"message":{"date":"2020-02-10T00:46:11.087Z","commands":[{"goTo":"Navigate to https://www.google.com.br/"},{"type":"Itau value inserted in the field"},{"press":"Clicked on the keyboard: Enter"},{"click":"Clicked on the selector: #rso > div:nth-child(1) > div > div > div > div > div.r > a"},{"close":"Browser closed"}]},"level":"info"}
{"message":{"date":"2020-02-10T00:46:11.087Z","commands":[{"goTo":"Navigate to https://www.google.com.br/"},{"type":"Itau value inserted in the field"},{"press":"Clicked on the keyboard: Enter"},{"click":"Clicked on the selector: #rso > div:nth-child(1) > div > div > div > div > div.r > a"},{"close":"Browser closed"}]},"level":"info"}
{"message":{"date":"2020-02-10T00:46:11.087Z","commands":[{"goTo":"Navigate to https://www.google.com.br/"},{"type":"Itau value inserted in the field"},{"press":"Clicked on the keyboard: Enter"},{"click":"Clicked on the selector: #rso > div:nth-child(1) > div > div > div > div > div.r > a"},{"close":"Browser closed"}]},"level":"info"}
{"message":"Web Scraping Success","level":"info"}
{"message":{"date":"2020-02-10T00:50:27.758Z","commands":[{"goTo":"Navigate to https://www.google.com.br/"},{"type":"Itau value inserted in the field"},{"press":"Clicked on the keyboard: Enter"},{"click":"Clicked on the selector: #rso > div:nth-child(1) > div > div > div > div > div.r > a"},{"close":"Browser closed"}]},"level":"info"}
{"message":{"date":"2020-02-10T00:50:27.758Z","commands":[{"goTo":"Navigate to https://www.google.com.br/"},{"type":"Itau value inserted in the field"},{"press":"Clicked on the keyboard: Enter"},{"click":"Clicked on the selector: #rso > div:nth-child(1) > div > div > div > div > div.r > a"},{"close":"Browser closed"}]},"level":"info"}
{"message":{"date":"2020-02-10T00:50:27.758Z","commands":[{"goTo":"Navigate to https://www.google.com.br/"},{"type":"Itau value inserted in the field"},{"press":"Clicked on the keyboard: Enter"},{"click":"Clicked on the selector: #rso > div:nth-child(1) > div > div > div > div > div.r > a"},{"close":"Browser closed"}]},"level":"info"}
{"message":{"date":"2020-02-10T00:50:27.758Z","commands":[{"goTo":"Navigate to https://www.google.com.br/"},{"type":"Itau value inserted in the field"},{"press":"Clicked on the keyboard: Enter"},{"click":"Clicked on the selector: #rso > div:nth-child(1) > div > div > div > div > div.r > a"},{"close":"Browser closed"}]},"level":"info"}
{"message":{"date":"2020-02-10T00:50:27.758Z","commands":[{"goTo":"Navigate to https://www.google.com.br/"},{"type":"Itau value inserted in the field"},{"press":"Clicked on the keyboard: Enter"},{"click":"Clicked on the selector: #rso > div:nth-child(1) > div > div > div > div > div.r > a"},{"close":"Browser closed"}]},"level":"info"}
{"message":"Web Scraping Success","level":"info"}
{"message":{"date":"2020-02-10T00:58:43.801Z","commands":[{"goTo":"Navigate to https://www.google.com.br/"},{"type":"Itau value inserted in the field"},{"press":"Clicked on the keyboard: Enter"},{"click":"Clicked on the selector: #rso > div:nth-child(1) > div > div > div > div > div.r > a"},{"close":"Browser closed"}]},"level":"info"}
{"message":"GET - ROUTE - SCRAPINGCOMMANDS","level":"info"}
{"message":{"date":"2020-02-10T00:58:43.801Z","commands":[{"goTo":"Navigate to https://www.google.com.br/"},{"type":"Itau value inserted in the field"},{"press":"Clicked on the keyboard: Enter"},{"click":"Clicked on the selector: #rso > div:nth-child(1) > div > div > div > div > div.r > a"},{"close":"Browser closed"}]},"level":"info"}
{"message":"POST - ROUTE - SCRAPING","level":"info"}
{"message":"Web Scraping Success","level":"info"}
{"message":{"date":"2020-02-10T03:04:41.019Z","commands":[{"goTo":"Navigate to https://www.google.com.br/"},{"type":"Itau value inserted in the field"},{"press":"Clicked on the keyboard: Enter"},{"click":"Clicked on the selector: #rso > div:nth-child(1) > div > div > div > div > div.r > a"},{"close":"Browser closed"}]},"level":"info"}
{"message":"GET - ROUTE - SCRAPINGCOMMANDS","level":"info"}
{"message":{"date":"2020-02-10T00:58:43.801Z","commands":[{"goTo":"Navigate to https://www.google.com.br/"},{"type":"Itau value inserted in the field"},{"press":"Clicked on the keyboard: Enter"},{"click":"Clicked on the selector: #rso > div:nth-child(1) > div > div > div > div > div.r > a"},{"close":"Browser closed"}]},"level":"info"}
{"message":"GET - ROUTE - SCRAPINGCOMMANDS","level":"info"}
{"message":{"date":"2020-02-10T03:04:41.019Z","commands":[{"goTo":"Navigate to https://www.google.com.br/"},{"type":"Itau value inserted in the field"},{"press":"Clicked on the keyboard: Enter"},{"click":"Clicked on the selector: #rso > div:nth-child(1) > div > div > div > div > div.r > a"},{"close":"Browser closed"}]},"level":"info"}
{"message":"POST - ROUTE - SCRAPING","level":"info"}
{"message":"Web Scraping Success","level":"info"}
{"message":{"date":"2020-02-10T03:11:31.739Z","commands":[{"goTo":"Navigate to https://www.google.com.br/"},{"type":"Itau value inserted in the field"},{"press":"Clicked on the keyboard: Enter"},{"click":"Clicked on the selector: #rso > div:nth-child(1) > div > div > div > div > div.r > a"},{"close":"Browser closed"}]},"level":"info"}
{"message":"GET - ROUTE - SCRAPINGCOMMANDS","level":"info"}
{"message":{"date":"2020-02-10T03:04:41.019Z","commands":[{"goTo":"Navigate to https://www.google.com.br/"},{"type":"Itau value inserted in the field"},{"press":"Clicked on the keyboard: Enter"},{"click":"Clicked on the selector: #rso > div:nth-child(1) > div > div > div > div > div.r > a"},{"close":"Browser closed"}]},"level":"info"}
{"message":"GET - ROUTE - SCRAPINGCOMMANDS","level":"info"}
{"message":{"date":"2020-02-10T03:04:41.019Z","commands":[{"goTo":"Navigate to https://www.google.com.br/"},{"type":"Itau value inserted in the field"},{"press":"Clicked on the keyboard: Enter"},{"click":"Clicked on the selector: #rso > div:nth-child(1) > div > div > div > div > div.r > a"},{"close":"Browser closed"}]},"level":"info"}
{"message":"GET - ROUTE - SCRAPINGCOMMANDS","level":"info"}
{"message":{"date":"2020-02-10T03:04:41.019Z","commands":[{"goTo":"Navigate to https://www.google.com.br/"},{"type":"Itau value inserted in the field"},{"press":"Clicked on the keyboard: Enter"},{"click":"Clicked on the selector: #rso > div:nth-child(1) > div > div > div > div > div.r > a"},{"close":"Browser closed"}]},"level":"info"}
{"message":"GET - ROUTE - SCRAPINGCOMMANDS","level":"info"}
{"message":{"date":"2020-02-10T03:04:41.019Z","commands":[{"goTo":"Navigate to https://www.google.com.br/"},{"type":"Itau value inserted in the field"},{"press":"Clicked on the keyboard: Enter"},{"click":"Clicked on the selector: #rso > div:nth-child(1) > div > div > div > div > div.r > a"},{"close":"Browser closed"}]},"level":"info"}
{"message":"GET - ROUTE - SCRAPINGCOMMANDS","level":"info"}
{"message":{"date":"2020-02-10T03:04:41.019Z","commands":[{"goTo":"Navigate to https://www.google.com.br/"},{"type":"Itau value inserted in the field"},{"press":"Clicked on the keyboard: Enter"},{"click":"Clicked on the selector: #rso > div:nth-child(1) > div > div > div > div > div.r > a"},{"close":"Browser closed"}]},"level":"info"}
{"message":"GET - ROUTE - SCRAPINGCOMMANDS","level":"info"}
{"message":{"date":"2020-02-10T03:04:41.019Z","commands":[{"goTo":"Navigate to https://www.google.com.br/"},{"type":"Itau value inserted in the field"},{"press":"Clicked on the keyboard: Enter"},{"click":"Clicked on the selector: #rso > div:nth-child(1) > div > div > div > div > div.r > a"},{"close":"Browser closed"}]},"level":"info"}
{"message":"GET - ROUTE - SCRAPINGCOMMANDS","level":"info"}
{"message":{"date":"2020-02-10T03:04:41.019Z","commands":[{"goTo":"Navigate to https://www.google.com.br/"},{"type":"Itau value inserted in the field"},{"press":"Clicked on the keyboard: Enter"},{"click":"Clicked on the selector: #rso > div:nth-child(1) > div > div > div > div > div.r > a"},{"close":"Browser closed"}]},"level":"info"}
{"message":"POST - ROUTE - SCRAPING","level":"info"}
{"message":"Web Scraping Success","level":"info"}
{"message":{"date":"2020-02-10T03:12:21.622Z","commands":[{"goTo":"Navigate to https://www.google.com.br/"},{"type":"Itau value inserted in the field"},{"press":"Clicked on the keyboard: Enter"},{"click":"Clicked on the selector: #rso > div:nth-child(1) > div > div > div > div > div.r > a"},{"close":"Browser closed"}]},"level":"info"}
{"message":"POST - ROUTE - SCRAPING","level":"info"}
{"message":"Web Scraping Success","level":"info"}
{"message":{"date":"2020-02-10T03:12:59.249Z","commands":[{"goTo":"Navigate to https://www.google.com.br/"},{"type":"Itau value inserted in the field"},{"press":"Clicked on the keyboard: Enter"},{"click":"Clicked on the selector: #rso > div:nth-child(1) > div > div > div > div > div.r > a"},{"close":"Browser closed"}]},"level":"info"}
{"message":"GET - ROUTE - SCRAPINGCOMMANDS","level":"info"}
{"message":{"date":"2020-02-10T03:04:41.019Z","commands":[{"goTo":"Navigate to https://www.google.com.br/"},{"type":"Itau value inserted in the field"},{"press":"Clicked on the keyboard: Enter"},{"click":"Clicked on the selector: #rso > div:nth-child(1) > div > div > div > div > div.r > a"},{"close":"Browser closed"}]},"level":"info"}
{"message":"GET - ROUTE - SCRAPINGCOMMANDS","level":"info"}
{"message":{"date":"2020-02-10T03:04:41.019Z","commands":[{"goTo":"Navigate to https://www.google.com.br/"},{"type":"Itau value inserted in the field"},{"press":"Clicked on the keyboard: Enter"},{"click":"Clicked on the selector: #rso > div:nth-child(1) > div > div > div > div > div.r > a"},{"close":"Browser closed"}]},"level":"info"}
{"message":"GET - ROUTE - SCRAPINGCOMMANDS","level":"info"}
{"message":{"date":"2020-02-10T03:04:41.019Z","commands":[{"goTo":"Navigate to https://www.google.com.br/"},{"type":"Itau value inserted in the field"},{"press":"Clicked on the keyboard: Enter"},{"click":"Clicked on the selector: #rso > div:nth-child(1) > div > div > div > div > div.r > a"},{"close":"Browser closed"}]},"level":"info"}
{"message":"GET - ROUTE - SCRAPINGCOMMANDS","level":"info"}
{"message":{"date":"2020-02-10T03:04:41.019Z","commands":[{"goTo":"Navigate to https://www.google.com.br/"},{"type":"Itau value inserted in the field"},{"press":"Clicked on the keyboard: Enter"},{"click":"Clicked on the selector: #rso > div:nth-child(1) > div > div > div > div > div.r > a"},{"close":"Browser closed"}]},"level":"info"}
{"message":"GET - ROUTE - SCRAPINGCOMMANDS","level":"info"}
{"message":{"date":"2020-02-10T03:04:41.019Z","commands":[{"goTo":"Navigate to https://www.google.com.br/"},{"type":"Itau value inserted in the field"},{"press":"Clicked on the keyboard: Enter"},{"click":"Clicked on the selector: #rso > div:nth-child(1) > div > div > div > div > div.r > a"},{"close":"Browser closed"}]},"level":"info"}
{"message":"GET - ROUTE - SCRAPINGCOMMANDS","level":"info"}
{"message":{"date":"2020-02-10T03:04:41.019Z","commands":[{"goTo":"Navigate to https://www.google.com.br/"},{"type":"Itau value inserted in the field"},{"press":"Clicked on the keyboard: Enter"},{"click":"Clicked on the selector: #rso > div:nth-child(1) > div > div > div > div > div.r > a"},{"close":"Browser closed"}]},"level":"info"}
